<?xml version="1.0" encoding="UTF-8"?>
<!-- Generated by org.testng.reporters.JUnitXMLReporter -->
<testsuite ignored="0" hostname="TYSS-Neha-C-Zutti" failures="0" tests="4" name="Test" time="0.036" errors="0" timestamp="2024-05-21T15:20:58 IST">
  <testcase classname="pac2.CreateOrganizationTest" name="createorgtest" time="0.003"/>
  <testcase classname="pac2.CreateOrganizationTest" name="modifyorgtest" time="0.0"/>
  <testcase classname="pac1.CreateContactTest" name="createcontacttest" time="0.001"/>
  <testcase classname="pac1.CreateContactTest" name="modifycontacttest" time="0.0"/>
</testsuite> <!-- Test -->
