<?xml version="1.0" encoding="UTF-8"?>
<testng-results ignored="0" total="2" passed="2" failed="0" skipped="0">
  <reporter-output>
  </reporter-output>
  <suite started-at="2024-05-21T12:20:23 IST" name="Suite" finished-at="2024-05-21T12:20:23 IST" duration-ms="78">
    <groups>
    </groups>
    <test started-at="2024-05-21T12:20:23 IST" name="Test" finished-at="2024-05-21T12:20:23 IST" duration-ms="78">
      <class name="pac2.CreateOrganizationTest">
        <test-method signature="createorgtest()[pri:0, instance:pac2.CreateOrganizationTest@7fc229ab]" started-at="2024-05-21T12:20:23 IST" name="createorgtest" finished-at="2024-05-21T12:20:23 IST" duration-ms="7" status="PASS">
          <reporter-output>
          </reporter-output>
        </test-method> <!-- createorgtest -->
        <test-method signature="modifyorgtest()[pri:0, instance:pac2.CreateOrganizationTest@7fc229ab]" started-at="2024-05-21T12:20:23 IST" name="modifyorgtest" finished-at="2024-05-21T12:20:23 IST" duration-ms="1" status="PASS">
          <reporter-output>
          </reporter-output>
        </test-method> <!-- modifyorgtest -->
      </class> <!-- pac2.CreateOrganizationTest -->
    </test> <!-- Test -->
  </suite> <!-- Suite -->
</testng-results>
