<?xml version="1.0" encoding="UTF-8"?>
<testsuite xmlns:xsi="http://www.w3.org/2001/XMLSchema-instance" xsi:schemaLocation="https://maven.apache.org/surefire/maven-surefire-plugin/xsd/surefire-test-report.xsd" name="TestSuite" time="0.405" tests="4" errors="0" skipped="0" failures="0">
  <properties>
[...]
</properties>
  <testcase name="createorgtest" classname="pac2.CreateOrganizationTest" time="0.004"/>
  <testcase name="modifyorgtest" classname="pac2.CreateOrganizationTest" time="0"/>
  <testcase name="createcontacttest" classname="pac1.CreateContactTest" time="0"/>
  <testcase name="modifycontacttest" classname="pac1.CreateContactTest" time="0"/>
</testsuite>